Arguments: 
  /data/data/com.termux/files/usr/bin/node /data/data/com.termux/files/usr/share/yarn/bin/yarn.js install

PATH: 
  /data/data/com.termux/files/usr/bin

Yarn version: 
  1.22.17

Node version: 
  17.9.0

Platform: 
  android arm64

Trace: 
  Error: EACCES: permission denied, symlink '../../../../pino/bin.js' -> '/storage/emulated/0/bot/bs/node_modules/@adiwajshing/baileys/node_modules/.bin/pino'

npm manifest: 
  {
    "name": "markbot",
    "version": "1.0.0",
    "description": "Follow instagram @iamfadlyid_",
    "main": "main.js",
    "directories": {
      "lib": "lib"
    },
    "scripts": {
      "test": "echo \"Error: no test specified\" && exit 1",
      "start": "node main.js"
    },
    "author": "fadlyid",
    "dependencies": {
      "@adiwajshing/baileys": "^3.5.0",
      "@vitalets/google-translate-api": "^7.0.0",
      "aki-api": "^6.0.8",
      "awesome-phonenumber": "^2.65.0",
      "axios": "^0.21.1",
      "chalk": "^4.1.1",
      "cheerio": "^1.0.0-rc.9",
      "figlet": "^1.5.0",
      "fluent-ffmpeg": "^2.1.2",
      "form-data": "^4.0.0",
      "jsdom": "^16.5.3",
      "moment-timezone": "^0.5.33",
      "ms": "^2.1.3",
      "node-fetch": "^2.6.1",
      "parse-ms": "^2.1.0",
      "parse-ms-js": "^1.2.0",
      "qrcode": "^1.4.4",
      "request": "^2.88.2",
      "yt-search": "^2.8.0",
      "ytdl-core": "^4.10.0"
    },
    "repository": {
      "type": "git",
      "url": "git+https://github.com/xdlyy404/markbot.git"
    },
    "bugs": {
      "url": "https://github.com/xdlyy404/markbot/issues"
    },
    "homepage": "https://github.com/xdlyy404/markbot#readme"
  }

yarn manifest: 
  No manifest

Lockfile: 
  No lockfile
